2024-12-22T20:13:44.976Z [info]: Received request: POST /api/posts/create
2024-12-22T20:13:45.690Z [info]: Post created successfully
2024-12-23T14:39:46.348Z [info]: Received request: GET /
2024-12-23T14:39:46.645Z [info]: Received request: GET /favicon.ico
2024-12-23T14:57:23.473Z [info]: Received request: GET /
2024-12-23T15:02:48.024Z [info]: Received request: POST /api/posts/create
2024-12-23T15:02:48.152Z [info]: Post created successfully
2024-12-23T15:13:21.698Z [info]: Received request: GET /
2024-12-23T15:23:46.267Z [info]: Received request: POST /api/posts/create
2024-12-23T15:23:46.385Z [info]: Post created successfully
2024-12-23T15:32:36.780Z [info]: Received request: GET /
2024-12-23T15:41:19.670Z [info]: Received request: POST /api/posts/create
2024-12-23T15:41:19.773Z [info]: Post created successfully
2024-12-23T15:45:25.003Z [info]: Received request: POST /api/posts/create
2024-12-23T15:45:25.113Z [info]: Post created successfully
2024-12-26T14:35:12.473Z [info]: Received request: GET /
2024-12-26T14:35:14.061Z [info]: Received request: GET /favicon.ico
2024-12-26T15:09:01.740Z [info]: Received request: POST /api/posts/create
2024-12-26T15:09:03.234Z [info]: Post created successfully
2024-12-26T15:12:49.712Z [info]: Received request: POST /api/posts/create
2024-12-26T15:12:49.776Z [info]: Post created successfully
2024-12-26T15:19:25.065Z [info]: Received request: GET /
2024-12-26T15:21:55.128Z [info]: Received request: POST /api/posts/create
2024-12-26T15:21:55.213Z [info]: Post created successfully
2024-12-26T15:22:53.831Z [info]: Received request: GET /
2024-12-26T15:36:16.015Z [info]: Received request: POST /api/posts/create
2024-12-26T15:36:16.080Z [info]: Post created successfully
2024-12-26T15:36:19.087Z [info]: Received request: GET /
2024-12-26T15:51:03.635Z [info]: Received request: POST /api/posts/create
2024-12-26T15:51:03.694Z [info]: Post created successfully
2024-12-26T15:51:06.826Z [info]: Received request: GET /
2024-12-26T15:59:25.728Z [info]: Received request: POST /api/posts/create
2024-12-26T15:59:25.878Z [info]: Post created successfully
2024-12-27T04:12:06.132Z [info]: Received request: GET /api/posts/allpost/
2024-12-27T04:12:06.772Z [info]: Received request: GET /api/posts/allpost/
2024-12-27T04:12:38.505Z [info]: Received request: GET /api/posts/allpost/
2024-12-27T04:12:38.838Z [info]: Received request: GET /api/posts/allpost/
2024-12-27T04:12:56.317Z [info]: Received request: GET /api/posts/allpost/
2024-12-27T04:12:56.469Z [info]: Received request: GET /api/posts/allpost/
2024-12-27T04:13:14.977Z [info]: Received request: GET /api/posts/allpost/676d7b672f30cc45cfdc437f
2024-12-27T04:13:15.040Z [info]: Received request: GET /api/posts/allpost/676d7b672f30cc45cfdc437f
2024-12-27T04:34:45.346Z [info]: Received request: GET /api/posts/allpost/
2024-12-27T04:34:45.494Z [info]: Received request: GET /api/posts/allpost/
2024-12-27T04:37:46.549Z [info]: Received request: GET /api/posts/allpost/
2024-12-27T04:37:46.665Z [info]: Received request: GET /api/posts/allpost/
2024-12-27T04:50:00.654Z [info]: Received request: POST /api/posts/create
2024-12-27T04:50:00.722Z [info]: Post created successfully
2024-12-27T04:59:20.933Z [info]: Received request: GET /api/posts/allpost/
2024-12-27T04:59:21.047Z [info]: Received request: GET /api/posts/allpost/
2024-12-27T04:59:52.282Z [info]: Received request: POST /api/posts/create
2024-12-27T04:59:52.330Z [info]: Post created successfully
2024-12-27T05:02:01.882Z [info]: Received request: GET /api/posts/allpost/
2024-12-27T05:02:01.997Z [info]: Received request: GET /api/posts/allpost/
2024-12-27T05:02:19.822Z [info]: Received request: GET /api/posts/allpost/
2024-12-27T05:02:19.936Z [info]: Received request: GET /api/posts/allpost/
2024-12-27T05:03:01.252Z [info]: Received request: POST /api/posts/create
2024-12-27T05:03:01.305Z [info]: Post created successfully
2024-12-27T05:06:51.109Z [info]: Received request: POST /api/posts/create
2024-12-27T05:06:51.156Z [info]: Post created successfully
2024-12-27T05:30:29.195Z [info]: Received request: POST /api/posts/create
2024-12-27T05:30:29.738Z [info]: Post created successfully
2024-12-27T05:37:56.769Z [info]: Received request: GET /api/posts/allpost/
2024-12-27T05:37:56.988Z [info]: Received request: GET /api/posts/allpost/
2024-12-27T05:39:04.213Z [info]: Received request: GET /api/posts/allpost/
2024-12-27T05:39:04.347Z [info]: Received request: GET /api/posts/allpost/
2024-12-27T05:50:41.668Z [info]: Received request: GET /api/posts/allpost/
2024-12-27T05:50:41.791Z [info]: Received request: GET /api/posts/allpost/
2024-12-27T05:51:41.888Z [info]: Received request: GET /api/posts/allpost/
2024-12-27T05:51:42.038Z [info]: Received request: GET /api/posts/allpost/
2024-12-27T05:52:10.819Z [info]: Received request: POST /api/posts/create
2024-12-27T05:52:10.891Z [info]: Post created successfully
2024-12-27T05:55:56.781Z [info]: Received request: GET /api/posts/allpost/
2024-12-27T05:55:56.925Z [info]: Received request: GET /api/posts/allpost/
2024-12-27T05:59:44.596Z [info]: Received request: GET /api/posts/allpost/
2024-12-27T05:59:44.730Z [info]: Received request: GET /api/posts/allpost/
2024-12-27T06:03:17.387Z [info]: Received request: POST /api/posts/create
2024-12-27T06:03:17.435Z [info]: Post created successfully
2024-12-27T06:03:54.113Z [info]: Received request: POST /api/posts/create
2024-12-27T06:03:54.155Z [info]: Post created successfully
2024-12-27T06:32:00.200Z [info]: Received request: GET /api/posts/allpost/
2024-12-27T06:32:00.390Z [info]: Received request: GET /api/posts/allpost/
2024-12-27T06:37:24.686Z [info]: Received request: GET /api/posts/allpost/
2024-12-27T06:37:24.875Z [info]: Received request: GET /api/posts/allpost/
2024-12-27T06:48:13.297Z [info]: Received request: POST /api/users/create?name=aman&mobile=7089826603&password=aman1234
2024-12-27T06:48:56.068Z [info]: Received request: POST /api/users/create
2024-12-27T06:49:26.797Z [info]: Received request: POST /api/users/login
2024-12-27T07:09:38.023Z [info]: Received request: GET /api/posts/allpost/
2024-12-27T07:09:38.396Z [info]: Received request: GET /api/posts/allpost/
2024-12-27T07:10:19.151Z [info]: Received request: GET /api/posts/allpost/
2024-12-27T07:10:19.282Z [info]: Received request: GET /api/posts/allpost/
2024-12-27T07:10:44.639Z [info]: Received request: OPTIONS /api/users/login
2024-12-27T07:10:44.643Z [info]: Received request: POST /api/users/login
2024-12-27T07:11:45.029Z [info]: Received request: OPTIONS /api/users/login
2024-12-27T07:11:45.031Z [info]: Received request: POST /api/users/login
2024-12-27T07:13:30.903Z [info]: Received request: OPTIONS /api/users/login
2024-12-27T07:13:30.920Z [info]: Received request: POST /api/users/login
2024-12-27T07:14:38.746Z [info]: Received request: OPTIONS /api/users/login
2024-12-27T07:14:38.760Z [info]: Received request: POST /api/users/login
2024-12-27T07:14:40.189Z [info]: Received request: POST /api/users/login
2024-12-27T07:14:44.101Z [info]: Received request: GET /api/posts/allpost/
2024-12-27T07:14:44.241Z [info]: Received request: GET /api/posts/allpost/
2024-12-27T07:15:39.906Z [info]: Received request: OPTIONS /api/users/login
2024-12-27T07:15:39.908Z [info]: Received request: POST /api/users/login
2024-12-27T07:19:56.967Z [info]: Received request: OPTIONS /api/users/login
2024-12-27T07:19:56.970Z [info]: Received request: POST /api/users/login
2024-12-27T07:19:58.829Z [info]: Received request: POST /api/users/login
2024-12-27T07:21:36.600Z [info]: Received request: OPTIONS /api/users/login
2024-12-27T07:21:36.617Z [info]: Received request: POST /api/users/login
2024-12-27T07:21:42.212Z [info]: Received request: GET /api/posts/allpost/
2024-12-27T07:21:42.357Z [info]: Received request: GET /api/posts/allpost/
2024-12-27T07:21:51.682Z [info]: Received request: OPTIONS /api/users/login
2024-12-27T07:21:51.685Z [info]: Received request: POST /api/users/login
2024-12-27T07:23:19.240Z [info]: Received request: OPTIONS /api/users/login
2024-12-27T07:23:19.254Z [info]: Received request: POST /api/users/login
2024-12-27T07:23:20.557Z [info]: Received request: POST /api/users/login
2024-12-27T07:24:28.662Z [info]: Received request: GET /api/posts/allpost/
2024-12-27T07:24:28.795Z [info]: Received request: GET /api/posts/allpost/
2024-12-27T07:24:43.049Z [info]: Received request: GET /api/posts/allpost/
2024-12-27T07:24:43.166Z [info]: Received request: GET /api/posts/allpost/
2024-12-27T07:24:45.843Z [info]: Received request: GET /api/posts/allpost/
2024-12-27T07:24:46.665Z [info]: Received request: GET /api/posts/allpost/
2024-12-27T07:24:51.951Z [info]: Received request: GET /api/posts/allpost/
2024-12-27T07:24:52.132Z [info]: Received request: GET /api/posts/allpost/
2024-12-27T07:24:56.058Z [info]: Received request: GET /
2024-12-27T07:24:57.598Z [info]: Received request: GET /favicon.ico
2024-12-27T07:25:25.958Z [info]: Received request: GET /api/posts/allpost/
2024-12-27T07:25:26.534Z [info]: Received request: GET /api/posts/allpost/
2024-12-27T07:25:33.820Z [info]: Received request: GET /api/posts/allpost/
2024-12-27T07:25:35.016Z [info]: Received request: GET /api/posts/allpost/
2024-12-27T07:26:36.497Z [info]: Received request: OPTIONS /api/users/login
2024-12-27T07:26:36.499Z [info]: Received request: POST /api/users/login
2024-12-27T07:26:39.616Z [info]: Received request: GET /api/posts/allpost/
2024-12-27T07:26:39.919Z [info]: Received request: GET /api/posts/allpost/
2024-12-27T07:26:48.339Z [info]: Received request: OPTIONS /api/users/login
2024-12-27T07:26:48.340Z [info]: Received request: POST /api/users/login
2024-12-27T07:27:16.227Z [info]: Received request: POST /api/posts/create
2024-12-27T07:27:16.365Z [info]: Post created successfully
2024-12-27T07:28:16.475Z [info]: Received request: POST /api/posts/create
2024-12-27T07:28:16.516Z [info]: Post created successfully
2024-12-27T07:30:07.565Z [info]: Received request: POST /api/posts/create
2024-12-27T07:30:07.570Z [error]: Server Error
2024-12-27T07:30:23.445Z [info]: Received request: POST /api/posts/create
2024-12-27T07:30:23.449Z [error]: Server Error
2024-12-27T07:30:35.373Z [info]: Received request: POST /api/posts/create
2024-12-27T07:30:35.376Z [error]: Server Error
2024-12-27T07:30:38.638Z [info]: Received request: GET /api/posts/allpost/
2024-12-27T07:30:39.043Z [info]: Received request: GET /api/posts/allpost/
2024-12-27T07:30:45.177Z [info]: Received request: OPTIONS /api/users/login
2024-12-27T07:30:45.178Z [info]: Received request: POST /api/users/login
2024-12-27T07:30:58.898Z [info]: Received request: POST /api/posts/create
2024-12-27T07:30:58.945Z [info]: Post created successfully
2024-12-27T07:35:35.906Z [info]: Received request: POST /api/posts/create
2024-12-27T07:35:36.017Z [info]: Post created successfully
2024-12-27T07:41:18.946Z [info]: Received request: POST /api/posts/create
2024-12-27T07:41:18.996Z [info]: Post created successfully
2024-12-27T07:44:07.468Z [info]: Received request: GET /api/posts/allpost/
2024-12-27T07:44:08.257Z [info]: Received request: GET /api/posts/allpost/
2024-12-27T07:44:26.718Z [info]: Received request: OPTIONS /api/users/login
2024-12-27T07:44:26.719Z [info]: Received request: POST /api/users/login
2024-12-30T13:32:38.875Z [info]: Received request: GET /
2024-12-30T13:32:39.072Z [info]: Received request: GET /favicon.ico
2024-12-30T13:36:51.802Z [info]: Received request: POST /api/posts/create
2024-12-30T13:36:51.902Z [info]: Post created successfully
2024-12-30T13:37:22.501Z [info]: Received request: GET /
2024-12-30T13:42:00.511Z [info]: Received request: POST /api/posts/create
2024-12-30T13:42:00.580Z [info]: Post created successfully
2024-12-30T13:42:03.913Z [info]: Received request: GET /
2024-12-30T13:45:44.343Z [info]: Received request: GET /
2024-12-30T13:51:09.059Z [info]: Received request: POST /api/posts/create
2024-12-30T13:51:09.134Z [info]: Post created successfully
2024-12-30T13:51:36.098Z [info]: Received request: GET /
2024-12-30T13:55:43.779Z [info]: Received request: POST /api/posts/create
2024-12-30T13:55:43.843Z [info]: Post created successfully
